<?xml version="1.0" encoding="UTF-8"?>
<!-- Generated by org.testng.reporters.JUnitXMLReporter -->
<testsuite hostname="ip-172-31-32-176" ignored="0" name="Test" tests="3" failures="0" timestamp="2021-06-13T04:23:23 UTC" time="0.049" errors="0">
  <testcase name="f" time="0.005" classname="com.simplilearn.testng.DemoTestNg"/>
  <testcase name="f" time="0.002" classname="com.simplilearn.testng.DemoTestNg"/>
  <testcase name="test" time="0.001" classname="com.simplilearn.testng.DemoTestNg"/>
</testsuite> <!-- Test -->
