<?xml version="1.0" encoding="UTF-8"?>
<testng-results skipped="0" failed="0" ignored="0" total="3" passed="3">
  <reporter-output>
  </reporter-output>
  <suite name="Suite" duration-ms="49" started-at="2021-06-13T04:23:23 UTC" finished-at="2021-06-13T04:23:23 UTC">
    <groups>
    </groups>
    <test name="Test" duration-ms="49" started-at="2021-06-13T04:23:23 UTC" finished-at="2021-06-13T04:23:23 UTC">
      <class name="com.simplilearn.testng.DemoTestNg">
        <test-method status="PASS" signature="beforeSuite()[pri:0, instance:com.simplilearn.testng.DemoTestNg@1a8a8f7c]" name="beforeSuite" is-config="true" duration-ms="6" started-at="2021-06-13T04:23:23 UTC" finished-at="2021-06-13T04:23:23 UTC">
          <reporter-output>
          </reporter-output>
        </test-method> <!-- beforeSuite -->
        <test-method status="PASS" signature="beforeTest()[pri:0, instance:com.simplilearn.testng.DemoTestNg@1a8a8f7c]" name="beforeTest" is-config="true" duration-ms="0" started-at="2021-06-13T04:23:23 UTC" finished-at="2021-06-13T04:23:23 UTC">
          <reporter-output>
          </reporter-output>
        </test-method> <!-- beforeTest -->
        <test-method status="PASS" signature="beforeClass()[pri:0, instance:com.simplilearn.testng.DemoTestNg@1a8a8f7c]" name="beforeClass" is-config="true" duration-ms="0" started-at="2021-06-13T04:23:23 UTC" finished-at="2021-06-13T04:23:23 UTC">
          <reporter-output>
          </reporter-output>
        </test-method> <!-- beforeClass -->
        <test-method status="PASS" signature="beforeMethod()[pri:0, instance:com.simplilearn.testng.DemoTestNg@1a8a8f7c]" name="beforeMethod" is-config="true" duration-ms="0" started-at="2021-06-13T04:23:23 UTC" finished-at="2021-06-13T04:23:23 UTC">
          <reporter-output>
          </reporter-output>
        </test-method> <!-- beforeMethod -->
        <test-method status="PASS" signature="f(java.lang.String,java.lang.String)[pri:0, instance:com.simplilearn.testng.DemoTestNg@1a8a8f7c]" name="f" duration-ms="5" started-at="2021-06-13T04:23:23 UTC" data-provider="Login" finished-at="2021-06-13T04:23:23 UTC">
          <params>
            <param index="0">
              <value>
                <![CDATA[kaviya]]>
              </value>
            </param>
            <param index="1">
              <value>
                <![CDATA[nk20]]>
              </value>
            </param>
          </params>
          <reporter-output>
          </reporter-output>
        </test-method> <!-- f -->
        <test-method status="PASS" signature="afterMethod()[pri:0, instance:com.simplilearn.testng.DemoTestNg@1a8a8f7c]" name="afterMethod" is-config="true" duration-ms="1" started-at="2021-06-13T04:23:23 UTC" finished-at="2021-06-13T04:23:23 UTC">
          <reporter-output>
          </reporter-output>
        </test-method> <!-- afterMethod -->
        <test-method status="PASS" signature="f(java.lang.String,java.lang.String)[pri:0, instance:com.simplilearn.testng.DemoTestNg@1a8a8f7c]" name="f" duration-ms="2" started-at="2021-06-13T04:23:23 UTC" data-provider="Login" finished-at="2021-06-13T04:23:23 UTC">
          <params>
            <param index="0">
              <value>
                <![CDATA[Selva]]>
              </value>
            </param>
            <param index="1">
              <value>
                <![CDATA[sp25]]>
              </value>
            </param>
          </params>
          <reporter-output>
          </reporter-output>
        </test-method> <!-- f -->
        <test-method status="PASS" signature="beforeMethod()[pri:0, instance:com.simplilearn.testng.DemoTestNg@1a8a8f7c]" name="beforeMethod" is-config="true" duration-ms="0" started-at="2021-06-13T04:23:23 UTC" finished-at="2021-06-13T04:23:23 UTC">
          <reporter-output>
          </reporter-output>
        </test-method> <!-- beforeMethod -->
        <test-method status="PASS" signature="afterMethod()[pri:0, instance:com.simplilearn.testng.DemoTestNg@1a8a8f7c]" name="afterMethod" is-config="true" duration-ms="0" started-at="2021-06-13T04:23:23 UTC" finished-at="2021-06-13T04:23:23 UTC">
          <reporter-output>
          </reporter-output>
        </test-method> <!-- afterMethod -->
        <test-method status="PASS" signature="beforeMethod()[pri:0, instance:com.simplilearn.testng.DemoTestNg@1a8a8f7c]" name="beforeMethod" is-config="true" duration-ms="0" started-at="2021-06-13T04:23:23 UTC" finished-at="2021-06-13T04:23:23 UTC">
          <reporter-output>
          </reporter-output>
        </test-method> <!-- beforeMethod -->
        <test-method status="PASS" signature="test()[pri:0, instance:com.simplilearn.testng.DemoTestNg@1a8a8f7c]" name="test" duration-ms="1" started-at="2021-06-13T04:23:23 UTC" finished-at="2021-06-13T04:23:23 UTC">
          <reporter-output>
          </reporter-output>
        </test-method> <!-- test -->
        <test-method status="PASS" signature="afterMethod()[pri:0, instance:com.simplilearn.testng.DemoTestNg@1a8a8f7c]" name="afterMethod" is-config="true" duration-ms="1" started-at="2021-06-13T04:23:23 UTC" finished-at="2021-06-13T04:23:23 UTC">
          <reporter-output>
          </reporter-output>
        </test-method> <!-- afterMethod -->
        <test-method status="PASS" signature="afterClass()[pri:0, instance:com.simplilearn.testng.DemoTestNg@1a8a8f7c]" name="afterClass" is-config="true" duration-ms="1" started-at="2021-06-13T04:23:23 UTC" finished-at="2021-06-13T04:23:23 UTC">
          <reporter-output>
          </reporter-output>
        </test-method> <!-- afterClass -->
        <test-method status="PASS" signature="afterTest()[pri:0, instance:com.simplilearn.testng.DemoTestNg@1a8a8f7c]" name="afterTest" is-config="true" duration-ms="0" started-at="2021-06-13T04:23:23 UTC" finished-at="2021-06-13T04:23:23 UTC">
          <reporter-output>
          </reporter-output>
        </test-method> <!-- afterTest -->
        <test-method status="PASS" signature="afterSuite()[pri:0, instance:com.simplilearn.testng.DemoTestNg@1a8a8f7c]" name="afterSuite" is-config="true" duration-ms="0" started-at="2021-06-13T04:23:23 UTC" finished-at="2021-06-13T04:23:23 UTC">
          <reporter-output>
          </reporter-output>
        </test-method> <!-- afterSuite -->
      </class> <!-- com.simplilearn.testng.DemoTestNg -->
    </test> <!-- Test -->
  </suite> <!-- Suite -->
</testng-results>
